<testsuite failures="0" name="features/FirstKarateTest.feature" skipped="0" tests="7" time="0.564033">
  <testcase classname="features.FirstKarateTest" name="how to print" time="0.035801">
    <system-out>Given print "Hello World" ................................................. passed
When print 'another print' ................................................ passed
Then print 'then print' ................................................... passed</system-out>
  </testcase>
  <testcase classname="features.FirstKarateTest" name="more printing" time="0.044555">
    <system-out>Given print "Hello World" ................................................. passed
When print 'another print' ................................................ passed
Then print 'then print' ................................................... passed
Given print 'some words to print' ......................................... passed
* print 'my name is','karate kid' ......................................... passed
* print 2+2 ............................................................... passed</system-out>
  </testcase>
  <testcase classname="features.FirstKarateTest" name="variables" time="0.095812">
    <system-out>Given print "Hello World" ................................................. passed
When print 'another print' ................................................ passed
Then print 'then print' ................................................... passed
Given print 'some words to print' ......................................... passed
* print 'my name is','karate kid' ......................................... passed
* print 2+2 ............................................................... passed
* def name = 'Mike' ....................................................... passed
* print 'my name is' + name ............................................... passed
* def age = 20 ............................................................ passed
* print name,'is',age,'years old' ......................................... passed</system-out>
  </testcase>
  <testcase classname="features.FirstKarateTest" name="difficult parameters: json object" time="0.170638">
    <system-out>Given print "Hello World" ................................................. passed
When print 'another print' ................................................ passed
Then print 'then print' ................................................... passed
Given print 'some words to print' ......................................... passed
* print 'my name is','karate kid' ......................................... passed
* print 2+2 ............................................................... passed
* def name = 'Mike' ....................................................... passed
* print 'my name is' + name ............................................... passed
* def age = 20 ............................................................ passed
* print name,'is',age,'years old' ......................................... passed
* def student = {'name':'sam','owes_tuition':false} ....................... passed
* print student ........................................................... passed
* print student.name ...................................................... passed
* print student.owes_tuition .............................................. passed</system-out>
  </testcase>
  <testcase classname="features.FirstKarateTest" name="json object 2" time="0.042549">
    <system-out>Given print "Hello World" ................................................. passed
When print 'another print' ................................................ passed
Then print 'then print' ................................................... passed
Given print 'some words to print' ......................................... passed
* print 'my name is','karate kid' ......................................... passed
* print 2+2 ............................................................... passed
* def name = 'Mike' ....................................................... passed
* print 'my name is' + name ............................................... passed
* def age = 20 ............................................................ passed
* print name,'is',age,'years old' ......................................... passed
* def student = {'name':'sam','owes_tuition':false} ....................... passed
* print student ........................................................... passed
* print student.name ...................................................... passed
* print student.owes_tuition .............................................. passed
* def student = ........................................................... passed
* print student.salary .................................................... passed
* print student.firstName ................................................. passed
* print student.lastName .................................................. passed</system-out>
  </testcase>
  <testcase classname="features.FirstKarateTest" name="Spartan Variable" time="0.057851">
    <system-out>Given print "Hello World" ................................................. passed
When print 'another print' ................................................ passed
Then print 'then print' ................................................... passed
Given print 'some words to print' ......................................... passed
* print 'my name is','karate kid' ......................................... passed
* print 2+2 ............................................................... passed
* def name = 'Mike' ....................................................... passed
* print 'my name is' + name ............................................... passed
* def age = 20 ............................................................ passed
* print name,'is',age,'years old' ......................................... passed
* def student = {'name':'sam','owes_tuition':false} ....................... passed
* print student ........................................................... passed
* print student.name ...................................................... passed
* print student.owes_tuition .............................................. passed
* def student = ........................................................... passed
* print student.salary .................................................... passed
* print student.firstName ................................................. passed
* print student.lastName .................................................. passed
* def spartan = ........................................................... passed
* print spartan.gender .................................................... passed
* print spartan.phone ..................................................... passed
* print spartan.name ...................................................... passed
* print spartan.id ........................................................ passed</system-out>
  </testcase>
  <testcase classname="features.FirstKarateTest" name="json array objects" time="0.116827">
    <system-out>Given print "Hello World" ................................................. passed
When print 'another print' ................................................ passed
Then print 'then print' ................................................... passed
Given print 'some words to print' ......................................... passed
* print 'my name is','karate kid' ......................................... passed
* print 2+2 ............................................................... passed
* def name = 'Mike' ....................................................... passed
* print 'my name is' + name ............................................... passed
* def age = 20 ............................................................ passed
* print name,'is',age,'years old' ......................................... passed
* def student = {'name':'sam','owes_tuition':false} ....................... passed
* print student ........................................................... passed
* print student.name ...................................................... passed
* print student.owes_tuition .............................................. passed
* def student = ........................................................... passed
* print student.salary .................................................... passed
* print student.firstName ................................................. passed
* print student.lastName .................................................. passed
* def spartan = ........................................................... passed
* print spartan.gender .................................................... passed
* print spartan.phone ..................................................... passed
* print spartan.name ...................................................... passed
* print spartan.id ........................................................ passed
* def students = .......................................................... passed
* print students .......................................................... passed
* print students[0].name .................................................. passed
* print students[1].owes_tuition .......................................... passed</system-out>
  </testcase>
</testsuite>
