<testsuite failures="0" name="features/ApiTest1.feature" skipped="0" tests="4" time="3.830989">
  <testcase classname="features.ApiTest1" name="basic test with status code validation" time="1.984428">
    <system-out>Given url 'https://api.exchangeratesapi.io/latest' ........................ passed
When method GET ........................................................... passed
Then status 200 ........................................................... passed</system-out>
  </testcase>
  <testcase classname="features.ApiTest1" name="get rates fro specific day" time="1.452229">
    <system-out>Given url 'https://api.exchangeratesapi.io/latest' ........................ passed
When method GET ........................................................... passed
Then status 200 ........................................................... passed
Given url 'https://api.exchangeratesapi.io/2010-01-12' .................... passed
When method get ........................................................... passed
Then status 200 ........................................................... passed</system-out>
  </testcase>
  <testcase classname="features.ApiTest1" name="header verification" time="0.187719">
    <system-out>Given url 'https://api.exchangeratesapi.io/latest' ........................ passed
When method GET ........................................................... passed
Then status 200 ........................................................... passed
Given url 'https://api.exchangeratesapi.io/2010-01-12' .................... passed
When method get ........................................................... passed
Then status 200 ........................................................... passed
Given url 'https://api.exchangeratesapi.io/2010-01-12' .................... passed
When method get ........................................................... passed
Then status 200 ........................................................... passed
And match header Content-Type == 'application/json' ....................... passed
And match header Vary == 'Accept-Encoding' ................................ passed
And match header Connection == 'keep-alive' ............................... passed
And match header Date == '#present' ....................................... passed</system-out>
  </testcase>
  <testcase classname="features.ApiTest1" name="json body verification" time="0.206613">
    <system-out>Given url 'https://api.exchangeratesapi.io/latest' ........................ passed
When method GET ........................................................... passed
Then status 200 ........................................................... passed
Given url 'https://api.exchangeratesapi.io/2010-01-12' .................... passed
When method get ........................................................... passed
Then status 200 ........................................................... passed
Given url 'https://api.exchangeratesapi.io/2010-01-12' .................... passed
When method get ........................................................... passed
Then status 200 ........................................................... passed
And match header Content-Type == 'application/json' ....................... passed
And match header Vary == 'Accept-Encoding' ................................ passed
And match header Connection == 'keep-alive' ............................... passed
And match header Date == '#present' ....................................... passed
Given url 'https://api.exchangeratesapi.io/2010-01-12' .................... passed
When method get ........................................................... passed
Then status 200 ........................................................... passed
And match header Content-Type == 'application/json' ....................... passed
And print response ........................................................ passed
And print response.base ................................................... passed
And match response.base == 'EUR' .......................................... passed
And print response.rates .................................................. passed
And print response.rates.USD .............................................. passed
And match response.rates.USD == '#present' ................................ passed
And match response.rates.USD == 1.4481 .................................... passed</system-out>
  </testcase>
</testsuite>
