<testsuite failures="0" name="features/ParametersTest.feature" skipped="0" tests="7" time="1.743195">
  <testcase classname="features.ParametersTest" name="path parameters" time="0.152533">
    <system-out>* def baseUrl = 'https://api.exchangeratesapi.io' ......................... passed
* def spartanUrl = 'http://54.89.109.206:8000' ............................ passed
* def hrUrl = 'http://34.228.41.120:1000/ords/hr' ......................... passed
Given url baseUrl ......................................................... passed
And path "latest" ......................................................... passed
When method get ........................................................... passed
Then status 200 ........................................................... passed</system-out>
  </testcase>
  <testcase classname="features.ParametersTest" name="path parameters" time="0.199638">
    <system-out>* def baseUrl = 'https://api.exchangeratesapi.io' ......................... passed
* def spartanUrl = 'http://54.89.109.206:8000' ............................ passed
* def hrUrl = 'http://34.228.41.120:1000/ords/hr' ......................... passed
Given url baseUrl ......................................................... passed
And path "latest" ......................................................... passed
When method get ........................................................... passed
Then status 200 ........................................................... passed
* def baseUrl = 'https://api.exchangeratesapi.io' ......................... passed
* def spartanUrl = 'http://54.89.109.206:8000' ............................ passed
* def hrUrl = 'http://34.228.41.120:1000/ords/hr' ......................... passed
Given url baseUrl ......................................................... passed
And path "2010-01-12" ..................................................... passed
When method get ........................................................... passed
Then status 200 ........................................................... passed</system-out>
  </testcase>
  <testcase classname="features.ParametersTest" name="get all spartans with path" time="0.259685">
    <system-out>* def baseUrl = 'https://api.exchangeratesapi.io' ......................... passed
* def spartanUrl = 'http://54.89.109.206:8000' ............................ passed
* def hrUrl = 'http://34.228.41.120:1000/ords/hr' ......................... passed
Given url baseUrl ......................................................... passed
And path "latest" ......................................................... passed
When method get ........................................................... passed
Then status 200 ........................................................... passed
* def baseUrl = 'https://api.exchangeratesapi.io' ......................... passed
* def spartanUrl = 'http://54.89.109.206:8000' ............................ passed
* def hrUrl = 'http://34.228.41.120:1000/ords/hr' ......................... passed
Given url baseUrl ......................................................... passed
And path "2010-01-12" ..................................................... passed
When method get ........................................................... passed
Then status 200 ........................................................... passed
* def baseUrl = 'https://api.exchangeratesapi.io' ......................... passed
* def spartanUrl = 'http://54.89.109.206:8000' ............................ passed
* def hrUrl = 'http://34.228.41.120:1000/ords/hr' ......................... passed
Given url spartanUrl ...................................................... passed
And path "api/spartans" ................................................... passed
When method get ........................................................... passed
Then status 200 ........................................................... passed
And print response ........................................................ passed</system-out>
  </testcase>
  <testcase classname="features.ParametersTest" name="get ones spartan only" time="0.250043">
    <system-out>* def baseUrl = 'https://api.exchangeratesapi.io' ......................... passed
* def spartanUrl = 'http://54.89.109.206:8000' ............................ passed
* def hrUrl = 'http://34.228.41.120:1000/ords/hr' ......................... passed
Given url baseUrl ......................................................... passed
And path "latest" ......................................................... passed
When method get ........................................................... passed
Then status 200 ........................................................... passed
* def baseUrl = 'https://api.exchangeratesapi.io' ......................... passed
* def spartanUrl = 'http://54.89.109.206:8000' ............................ passed
* def hrUrl = 'http://34.228.41.120:1000/ords/hr' ......................... passed
Given url baseUrl ......................................................... passed
And path "2010-01-12" ..................................................... passed
When method get ........................................................... passed
Then status 200 ........................................................... passed
* def baseUrl = 'https://api.exchangeratesapi.io' ......................... passed
* def spartanUrl = 'http://54.89.109.206:8000' ............................ passed
* def hrUrl = 'http://34.228.41.120:1000/ords/hr' ......................... passed
Given url spartanUrl ...................................................... passed
And path "api/spartans" ................................................... passed
When method get ........................................................... passed
Then status 200 ........................................................... passed
And print response ........................................................ passed
* def baseUrl = 'https://api.exchangeratesapi.io' ......................... passed
* def spartanUrl = 'http://54.89.109.206:8000' ............................ passed
* def hrUrl = 'http://34.228.41.120:1000/ords/hr' ......................... passed
Given url spartanUrl ...................................................... passed
And path "api/spartans" ................................................... passed
And path "10" ............................................................. passed
When method get ........................................................... passed
Then status 200 ........................................................... passed
And print response ........................................................ passed
And match response == { "gender": "Female", "phone": 3312820936, "name": "Lorenza", "id": 10} . passed</system-out>
  </testcase>
  <testcase classname="features.ParametersTest" name="get ones spartan only" time="0.241586">
    <system-out>* def baseUrl = 'https://api.exchangeratesapi.io' ......................... passed
* def spartanUrl = 'http://54.89.109.206:8000' ............................ passed
* def hrUrl = 'http://34.228.41.120:1000/ords/hr' ......................... passed
Given url baseUrl ......................................................... passed
And path "latest" ......................................................... passed
When method get ........................................................... passed
Then status 200 ........................................................... passed
* def baseUrl = 'https://api.exchangeratesapi.io' ......................... passed
* def spartanUrl = 'http://54.89.109.206:8000' ............................ passed
* def hrUrl = 'http://34.228.41.120:1000/ords/hr' ......................... passed
Given url baseUrl ......................................................... passed
And path "2010-01-12" ..................................................... passed
When method get ........................................................... passed
Then status 200 ........................................................... passed
* def baseUrl = 'https://api.exchangeratesapi.io' ......................... passed
* def spartanUrl = 'http://54.89.109.206:8000' ............................ passed
* def hrUrl = 'http://34.228.41.120:1000/ords/hr' ......................... passed
Given url spartanUrl ...................................................... passed
And path "api/spartans" ................................................... passed
When method get ........................................................... passed
Then status 200 ........................................................... passed
And print response ........................................................ passed
* def baseUrl = 'https://api.exchangeratesapi.io' ......................... passed
* def spartanUrl = 'http://54.89.109.206:8000' ............................ passed
* def hrUrl = 'http://34.228.41.120:1000/ords/hr' ......................... passed
Given url spartanUrl ...................................................... passed
And path "api/spartans" ................................................... passed
And path "10" ............................................................. passed
When method get ........................................................... passed
Then status 200 ........................................................... passed
And print response ........................................................ passed
And match response == { "gender": "Female", "phone": 3312820936, "name": "Lorenza", "id": 10} . passed
* def baseUrl = 'https://api.exchangeratesapi.io' ......................... passed
* def spartanUrl = 'http://54.89.109.206:8000' ............................ passed
* def hrUrl = 'http://34.228.41.120:1000/ords/hr' ......................... passed
* def expectedSpartan = ................................................... passed
Given url spartanUrl ...................................................... passed
And path "api/spartans" ................................................... passed
And path "10" ............................................................. passed
When method get ........................................................... passed
Then status 200 ........................................................... passed
And print response ........................................................ passed
And match response == expectedSpartan ..................................... passed</system-out>
  </testcase>
  <testcase classname="features.ParametersTest" name="query parameters" time="0.246101">
    <system-out>* def baseUrl = 'https://api.exchangeratesapi.io' ......................... passed
* def spartanUrl = 'http://54.89.109.206:8000' ............................ passed
* def hrUrl = 'http://34.228.41.120:1000/ords/hr' ......................... passed
Given url baseUrl ......................................................... passed
And path "latest" ......................................................... passed
When method get ........................................................... passed
Then status 200 ........................................................... passed
* def baseUrl = 'https://api.exchangeratesapi.io' ......................... passed
* def spartanUrl = 'http://54.89.109.206:8000' ............................ passed
* def hrUrl = 'http://34.228.41.120:1000/ords/hr' ......................... passed
Given url baseUrl ......................................................... passed
And path "2010-01-12" ..................................................... passed
When method get ........................................................... passed
Then status 200 ........................................................... passed
* def baseUrl = 'https://api.exchangeratesapi.io' ......................... passed
* def spartanUrl = 'http://54.89.109.206:8000' ............................ passed
* def hrUrl = 'http://34.228.41.120:1000/ords/hr' ......................... passed
Given url spartanUrl ...................................................... passed
And path "api/spartans" ................................................... passed
When method get ........................................................... passed
Then status 200 ........................................................... passed
And print response ........................................................ passed
* def baseUrl = 'https://api.exchangeratesapi.io' ......................... passed
* def spartanUrl = 'http://54.89.109.206:8000' ............................ passed
* def hrUrl = 'http://34.228.41.120:1000/ords/hr' ......................... passed
Given url spartanUrl ...................................................... passed
And path "api/spartans" ................................................... passed
And path "10" ............................................................. passed
When method get ........................................................... passed
Then status 200 ........................................................... passed
And print response ........................................................ passed
And match response == { "gender": "Female", "phone": 3312820936, "name": "Lorenza", "id": 10} . passed
* def baseUrl = 'https://api.exchangeratesapi.io' ......................... passed
* def spartanUrl = 'http://54.89.109.206:8000' ............................ passed
* def hrUrl = 'http://34.228.41.120:1000/ords/hr' ......................... passed
* def expectedSpartan = ................................................... passed
Given url spartanUrl ...................................................... passed
And path "api/spartans" ................................................... passed
And path "10" ............................................................. passed
When method get ........................................................... passed
Then status 200 ........................................................... passed
And print response ........................................................ passed
And match response == expectedSpartan ..................................... passed
* def baseUrl = 'https://api.exchangeratesapi.io' ......................... passed
* def spartanUrl = 'http://54.89.109.206:8000' ............................ passed
* def hrUrl = 'http://34.228.41.120:1000/ords/hr' ......................... passed
Given url spartanUrl ...................................................... passed
And path "api/spartans/search" ............................................ passed
And param nameContains = 'j' .............................................. passed
And param gender = 'Female' ............................................... passed
When method GET ........................................................... passed
Then status 200 ........................................................... passed
And match header Content-Type == 'application/json' ....................... passed
And print response ........................................................ passed
And match response.pageable.pageNumber == 0 ............................... passed
And match each response.content contains {"gender":"Female"} .............. passed
And match each response.content[*].gender == 'Female' ..................... passed
And match response.content[0].name == 'Jaimie' ............................ passed
And match each response.content[*].phone == '#number' ..................... passed</system-out>
  </testcase>
  <testcase classname="features.ParametersTest" name="hr regions example" time="0.39361">
    <system-out>* def baseUrl = 'https://api.exchangeratesapi.io' ......................... passed
* def spartanUrl = 'http://54.89.109.206:8000' ............................ passed
* def hrUrl = 'http://34.228.41.120:1000/ords/hr' ......................... passed
Given url baseUrl ......................................................... passed
And path "latest" ......................................................... passed
When method get ........................................................... passed
Then status 200 ........................................................... passed
* def baseUrl = 'https://api.exchangeratesapi.io' ......................... passed
* def spartanUrl = 'http://54.89.109.206:8000' ............................ passed
* def hrUrl = 'http://34.228.41.120:1000/ords/hr' ......................... passed
Given url baseUrl ......................................................... passed
And path "2010-01-12" ..................................................... passed
When method get ........................................................... passed
Then status 200 ........................................................... passed
* def baseUrl = 'https://api.exchangeratesapi.io' ......................... passed
* def spartanUrl = 'http://54.89.109.206:8000' ............................ passed
* def hrUrl = 'http://34.228.41.120:1000/ords/hr' ......................... passed
Given url spartanUrl ...................................................... passed
And path "api/spartans" ................................................... passed
When method get ........................................................... passed
Then status 200 ........................................................... passed
And print response ........................................................ passed
* def baseUrl = 'https://api.exchangeratesapi.io' ......................... passed
* def spartanUrl = 'http://54.89.109.206:8000' ............................ passed
* def hrUrl = 'http://34.228.41.120:1000/ords/hr' ......................... passed
Given url spartanUrl ...................................................... passed
And path "api/spartans" ................................................... passed
And path "10" ............................................................. passed
When method get ........................................................... passed
Then status 200 ........................................................... passed
And print response ........................................................ passed
And match response == { "gender": "Female", "phone": 3312820936, "name": "Lorenza", "id": 10} . passed
* def baseUrl = 'https://api.exchangeratesapi.io' ......................... passed
* def spartanUrl = 'http://54.89.109.206:8000' ............................ passed
* def hrUrl = 'http://34.228.41.120:1000/ords/hr' ......................... passed
* def expectedSpartan = ................................................... passed
Given url spartanUrl ...................................................... passed
And path "api/spartans" ................................................... passed
And path "10" ............................................................. passed
When method get ........................................................... passed
Then status 200 ........................................................... passed
And print response ........................................................ passed
And match response == expectedSpartan ..................................... passed
* def baseUrl = 'https://api.exchangeratesapi.io' ......................... passed
* def spartanUrl = 'http://54.89.109.206:8000' ............................ passed
* def hrUrl = 'http://34.228.41.120:1000/ords/hr' ......................... passed
Given url spartanUrl ...................................................... passed
And path "api/spartans/search" ............................................ passed
And param nameContains = 'j' .............................................. passed
And param gender = 'Female' ............................................... passed
When method GET ........................................................... passed
Then status 200 ........................................................... passed
And match header Content-Type == 'application/json' ....................... passed
And print response ........................................................ passed
And match response.pageable.pageNumber == 0 ............................... passed
And match each response.content contains {"gender":"Female"} .............. passed
And match each response.content[*].gender == 'Female' ..................... passed
And match response.content[0].name == 'Jaimie' ............................ passed
And match each response.content[*].phone == '#number' ..................... passed
* def baseUrl = 'https://api.exchangeratesapi.io' ......................... passed
* def spartanUrl = 'http://54.89.109.206:8000' ............................ passed
* def hrUrl = 'http://34.228.41.120:1000/ords/hr' ......................... passed
Given url hrUrl ........................................................... passed
And path 'regions' ........................................................ passed
When method GET ........................................................... passed
Then status 200 ........................................................... passed
And print response ........................................................ passed
And match response.limit == 25 ............................................ passed
And match each response.items[*].region_id == '#number' ................... passed</system-out>
  </testcase>
</testsuite>
