<testsuite failures="16" name="features/DataDrivenTests.feature" skipped="0" tests="22" time="12.922314">
  <testcase classname="features.DataDrivenTests" name="get token for user sbirdbj@fc2.com" time="0.643689">
    <system-out>Given url 'https://cybertek-reservation-api-qa2.herokuapp.com/' ........... passed
And path 'sign' ........................................................... passed
And header Accept = 'application/json' .................................... passed
And param email = 'sbirdbj@fc2.com' ....................................... passed
And param password = 'asenorval' .......................................... passed
When method GET ........................................................... passed
Then status 200 ........................................................... passed
And print response.accessToken ............................................ passed
And def token = response.accessToken ...................................... passed</system-out>
  </testcase>
  <testcase classname="features.DataDrivenTests" name="get token for user htwinbrowb4@blogspot.com" time="0.664955">
    <system-out>Given url 'https://cybertek-reservation-api-qa2.herokuapp.com/' ........... passed
And path 'sign' ........................................................... passed
And header Accept = 'application/json' .................................... passed
And param email = 'sbirdbj@fc2.com' ....................................... passed
And param password = 'asenorval' .......................................... passed
When method GET ........................................................... passed
Then status 200 ........................................................... passed
And print response.accessToken ............................................ passed
And def token = response.accessToken ...................................... passed
Given url 'https://cybertek-reservation-api-qa2.herokuapp.com/' ........... passed
And path 'sign' ........................................................... passed
And header Accept = 'application/json' .................................... passed
And param email = 'htwinbrowb4@blogspot.com' .............................. passed
And param password = 'kanyabang' .......................................... passed
When method GET ........................................................... passed
Then status 200 ........................................................... passed
And print response.accessToken ............................................ passed
And def token = response.accessToken ...................................... passed</system-out>
  </testcase>
  <testcase classname="features.DataDrivenTests" name="get token for user dfrederickb5@yellowbook.com" time="0.669488">
    <system-out>Given url 'https://cybertek-reservation-api-qa2.herokuapp.com/' ........... passed
And path 'sign' ........................................................... passed
And header Accept = 'application/json' .................................... passed
And param email = 'sbirdbj@fc2.com' ....................................... passed
And param password = 'asenorval' .......................................... passed
When method GET ........................................................... passed
Then status 200 ........................................................... passed
And print response.accessToken ............................................ passed
And def token = response.accessToken ...................................... passed
Given url 'https://cybertek-reservation-api-qa2.herokuapp.com/' ........... passed
And path 'sign' ........................................................... passed
And header Accept = 'application/json' .................................... passed
And param email = 'htwinbrowb4@blogspot.com' .............................. passed
And param password = 'kanyabang' .......................................... passed
When method GET ........................................................... passed
Then status 200 ........................................................... passed
And print response.accessToken ............................................ passed
And def token = response.accessToken ...................................... passed
Given url 'https://cybertek-reservation-api-qa2.herokuapp.com/' ........... passed
And path 'sign' ........................................................... passed
And header Accept = 'application/json' .................................... passed
And param email = 'dfrederickb5@yellowbook.com' ........................... passed
And param password = 'engraciahuc' ........................................ passed
When method GET ........................................................... passed
Then status 200 ........................................................... passed
And print response.accessToken ............................................ passed
And def token = response.accessToken ...................................... passed</system-out>
  </testcase>
  <testcase classname="features.DataDrivenTests" name="get token for user apainb6@google.co.jp" time="0.63339">
    <system-out>Given url 'https://cybertek-reservation-api-qa2.herokuapp.com/' ........... passed
And path 'sign' ........................................................... passed
And header Accept = 'application/json' .................................... passed
And param email = 'sbirdbj@fc2.com' ....................................... passed
And param password = 'asenorval' .......................................... passed
When method GET ........................................................... passed
Then status 200 ........................................................... passed
And print response.accessToken ............................................ passed
And def token = response.accessToken ...................................... passed
Given url 'https://cybertek-reservation-api-qa2.herokuapp.com/' ........... passed
And path 'sign' ........................................................... passed
And header Accept = 'application/json' .................................... passed
And param email = 'htwinbrowb4@blogspot.com' .............................. passed
And param password = 'kanyabang' .......................................... passed
When method GET ........................................................... passed
Then status 200 ........................................................... passed
And print response.accessToken ............................................ passed
And def token = response.accessToken ...................................... passed
Given url 'https://cybertek-reservation-api-qa2.herokuapp.com/' ........... passed
And path 'sign' ........................................................... passed
And header Accept = 'application/json' .................................... passed
And param email = 'dfrederickb5@yellowbook.com' ........................... passed
And param password = 'engraciahuc' ........................................ passed
When method GET ........................................................... passed
Then status 200 ........................................................... passed
And print response.accessToken ............................................ passed
And def token = response.accessToken ...................................... passed
Given url 'https://cybertek-reservation-api-qa2.herokuapp.com/' ........... passed
And path 'sign' ........................................................... passed
And header Accept = 'application/json' .................................... passed
And param email = 'apainb6@google.co.jp' .................................. passed
And param password = 'rosettalightollers' ................................. passed
When method GET ........................................................... passed
Then status 200 ........................................................... passed
And print response.accessToken ............................................ passed
And def token = response.accessToken ...................................... passed</system-out>
  </testcase>
  <testcase classname="features.DataDrivenTests" name="get token for user fbawmeb7@studiopress.com" time="0.650588">
    <system-out>Given url 'https://cybertek-reservation-api-qa2.herokuapp.com/' ........... passed
And path 'sign' ........................................................... passed
And header Accept = 'application/json' .................................... passed
And param email = 'sbirdbj@fc2.com' ....................................... passed
And param password = 'asenorval' .......................................... passed
When method GET ........................................................... passed
Then status 200 ........................................................... passed
And print response.accessToken ............................................ passed
And def token = response.accessToken ...................................... passed
Given url 'https://cybertek-reservation-api-qa2.herokuapp.com/' ........... passed
And path 'sign' ........................................................... passed
And header Accept = 'application/json' .................................... passed
And param email = 'htwinbrowb4@blogspot.com' .............................. passed
And param password = 'kanyabang' .......................................... passed
When method GET ........................................................... passed
Then status 200 ........................................................... passed
And print response.accessToken ............................................ passed
And def token = response.accessToken ...................................... passed
Given url 'https://cybertek-reservation-api-qa2.herokuapp.com/' ........... passed
And path 'sign' ........................................................... passed
And header Accept = 'application/json' .................................... passed
And param email = 'dfrederickb5@yellowbook.com' ........................... passed
And param password = 'engraciahuc' ........................................ passed
When method GET ........................................................... passed
Then status 200 ........................................................... passed
And print response.accessToken ............................................ passed
And def token = response.accessToken ...................................... passed
Given url 'https://cybertek-reservation-api-qa2.herokuapp.com/' ........... passed
And path 'sign' ........................................................... passed
And header Accept = 'application/json' .................................... passed
And param email = 'apainb6@google.co.jp' .................................. passed
And param password = 'rosettalightollers' ................................. passed
When method GET ........................................................... passed
Then status 200 ........................................................... passed
And print response.accessToken ............................................ passed
And def token = response.accessToken ...................................... passed
Given url 'https://cybertek-reservation-api-qa2.herokuapp.com/' ........... passed
And path 'sign' ........................................................... passed
And header Accept = 'application/json' .................................... passed
And param email = 'fbawmeb7@studiopress.com' .............................. passed
And param password = 'sherilyngohn' ....................................... passed
When method GET ........................................................... passed
Then status 200 ........................................................... passed
And print response.accessToken ............................................ passed
And def token = response.accessToken ...................................... passed</system-out>
  </testcase>
  <testcase classname="features.DataDrivenTests" name="get token for user &lt;email&gt;" time="0.472462">
    <failure message="DataDrivenTests.feature:29 - status code was: 422, expected: 200, response time: 450, url: https://cybertek-reservation-api-qa2.herokuapp.com/sign?email=%3Cemail%3E&amp;password=%3Cpassword%3E, response: requested email resource was not found.">Given url 'https://cybertek-reservation-api-qa2.herokuapp.com/' ........... passed
And path 'sign' ........................................................... passed
And header Accept = 'application/json' .................................... passed
And param email = 'sbirdbj@fc2.com' ....................................... passed
And param password = 'asenorval' .......................................... passed
When method GET ........................................................... passed
Then status 200 ........................................................... passed
And print response.accessToken ............................................ passed
And def token = response.accessToken ...................................... passed
Given url 'https://cybertek-reservation-api-qa2.herokuapp.com/' ........... passed
And path 'sign' ........................................................... passed
And header Accept = 'application/json' .................................... passed
And param email = 'htwinbrowb4@blogspot.com' .............................. passed
And param password = 'kanyabang' .......................................... passed
When method GET ........................................................... passed
Then status 200 ........................................................... passed
And print response.accessToken ............................................ passed
And def token = response.accessToken ...................................... passed
Given url 'https://cybertek-reservation-api-qa2.herokuapp.com/' ........... passed
And path 'sign' ........................................................... passed
And header Accept = 'application/json' .................................... passed
And param email = 'dfrederickb5@yellowbook.com' ........................... passed
And param password = 'engraciahuc' ........................................ passed
When method GET ........................................................... passed
Then status 200 ........................................................... passed
And print response.accessToken ............................................ passed
And def token = response.accessToken ...................................... passed
Given url 'https://cybertek-reservation-api-qa2.herokuapp.com/' ........... passed
And path 'sign' ........................................................... passed
And header Accept = 'application/json' .................................... passed
And param email = 'apainb6@google.co.jp' .................................. passed
And param password = 'rosettalightollers' ................................. passed
When method GET ........................................................... passed
Then status 200 ........................................................... passed
And print response.accessToken ............................................ passed
And def token = response.accessToken ...................................... passed
Given url 'https://cybertek-reservation-api-qa2.herokuapp.com/' ........... passed
And path 'sign' ........................................................... passed
And header Accept = 'application/json' .................................... passed
And param email = 'fbawmeb7@studiopress.com' .............................. passed
And param password = 'sherilyngohn' ....................................... passed
When method GET ........................................................... passed
Then status 200 ........................................................... passed
And print response.accessToken ............................................ passed
And def token = response.accessToken ...................................... passed
Given url 'https://cybertek-reservation-api-qa2.herokuapp.com/' ........... passed
And path 'sign' ........................................................... passed
And header Accept = 'application/json' .................................... passed
And param email = '&lt;email&gt;' ............................................... passed
And param password = '&lt;password&gt;' ......................................... passed
When method GET ........................................................... passed
Then status 200 ........................................................... failed

Stack Trace:
com.intuit.karate.exception.KarateException: DataDrivenTests.feature:29 - status code was: 422, expected: 200, response time: 450, url: https://cybertek-reservation-api-qa2.herokuapp.com/sign?email=%3Cemail%3E&amp;password=%3Cpassword%3E, response: requested email resource was not found.&#13;
	at ✽.Then status 200 (DataDrivenTests.feature:29)&#13;

And print response.accessToken ............................................ skipped
And def token = response.accessToken ...................................... skipped</failure>
  </testcase>
  <testcase classname="features.DataDrivenTests" name="get token for user &lt;email&gt;" time="0.434725">
    <failure message="DataDrivenTests.feature:29 - status code was: 422, expected: 200, response time: 429, url: https://cybertek-reservation-api-qa2.herokuapp.com/sign?email=%3Cemail%3E&amp;password=%3Cpassword%3E, response: requested email resource was not found.">Given url 'https://cybertek-reservation-api-qa2.herokuapp.com/' ........... passed
And path 'sign' ........................................................... passed
And header Accept = 'application/json' .................................... passed
And param email = 'sbirdbj@fc2.com' ....................................... passed
And param password = 'asenorval' .......................................... passed
When method GET ........................................................... passed
Then status 200 ........................................................... passed
And print response.accessToken ............................................ passed
And def token = response.accessToken ...................................... passed
Given url 'https://cybertek-reservation-api-qa2.herokuapp.com/' ........... passed
And path 'sign' ........................................................... passed
And header Accept = 'application/json' .................................... passed
And param email = 'htwinbrowb4@blogspot.com' .............................. passed
And param password = 'kanyabang' .......................................... passed
When method GET ........................................................... passed
Then status 200 ........................................................... passed
And print response.accessToken ............................................ passed
And def token = response.accessToken ...................................... passed
Given url 'https://cybertek-reservation-api-qa2.herokuapp.com/' ........... passed
And path 'sign' ........................................................... passed
And header Accept = 'application/json' .................................... passed
And param email = 'dfrederickb5@yellowbook.com' ........................... passed
And param password = 'engraciahuc' ........................................ passed
When method GET ........................................................... passed
Then status 200 ........................................................... passed
And print response.accessToken ............................................ passed
And def token = response.accessToken ...................................... passed
Given url 'https://cybertek-reservation-api-qa2.herokuapp.com/' ........... passed
And path 'sign' ........................................................... passed
And header Accept = 'application/json' .................................... passed
And param email = 'apainb6@google.co.jp' .................................. passed
And param password = 'rosettalightollers' ................................. passed
When method GET ........................................................... passed
Then status 200 ........................................................... passed
And print response.accessToken ............................................ passed
And def token = response.accessToken ...................................... passed
Given url 'https://cybertek-reservation-api-qa2.herokuapp.com/' ........... passed
And path 'sign' ........................................................... passed
And header Accept = 'application/json' .................................... passed
And param email = 'fbawmeb7@studiopress.com' .............................. passed
And param password = 'sherilyngohn' ....................................... passed
When method GET ........................................................... passed
Then status 200 ........................................................... passed
And print response.accessToken ............................................ passed
And def token = response.accessToken ...................................... passed
Given url 'https://cybertek-reservation-api-qa2.herokuapp.com/' ........... passed
And path 'sign' ........................................................... passed
And header Accept = 'application/json' .................................... passed
And param email = '&lt;email&gt;' ............................................... passed
And param password = '&lt;password&gt;' ......................................... passed
When method GET ........................................................... passed
Then status 200 ........................................................... failed

Stack Trace:
com.intuit.karate.exception.KarateException: DataDrivenTests.feature:29 - status code was: 422, expected: 200, response time: 450, url: https://cybertek-reservation-api-qa2.herokuapp.com/sign?email=%3Cemail%3E&amp;password=%3Cpassword%3E, response: requested email resource was not found.&#13;
	at ✽.Then status 200 (DataDrivenTests.feature:29)&#13;

And print response.accessToken ............................................ skipped
And def token = response.accessToken ...................................... skipped
Given url 'https://cybertek-reservation-api-qa2.herokuapp.com/' ........... passed
And path 'sign' ........................................................... passed
And header Accept = 'application/json' .................................... passed
And param email = '&lt;email&gt;' ............................................... passed
And param password = '&lt;password&gt;' ......................................... passed
When method GET ........................................................... passed
Then status 200 ........................................................... failed

Stack Trace:
com.intuit.karate.exception.KarateException: DataDrivenTests.feature:29 - status code was: 422, expected: 200, response time: 429, url: https://cybertek-reservation-api-qa2.herokuapp.com/sign?email=%3Cemail%3E&amp;password=%3Cpassword%3E, response: requested email resource was not found.&#13;
	at ✽.Then status 200 (DataDrivenTests.feature:29)&#13;

And print response.accessToken ............................................ skipped
And def token = response.accessToken ...................................... skipped</failure>
  </testcase>
  <testcase classname="features.DataDrivenTests" name="get token for user &lt;email&gt;" time="0.452286">
    <failure message="DataDrivenTests.feature:29 - status code was: 422, expected: 200, response time: 435, url: https://cybertek-reservation-api-qa2.herokuapp.com/sign?email=%3Cemail%3E&amp;password=%3Cpassword%3E, response: requested email resource was not found.">Given url 'https://cybertek-reservation-api-qa2.herokuapp.com/' ........... passed
And path 'sign' ........................................................... passed
And header Accept = 'application/json' .................................... passed
And param email = 'sbirdbj@fc2.com' ....................................... passed
And param password = 'asenorval' .......................................... passed
When method GET ........................................................... passed
Then status 200 ........................................................... passed
And print response.accessToken ............................................ passed
And def token = response.accessToken ...................................... passed
Given url 'https://cybertek-reservation-api-qa2.herokuapp.com/' ........... passed
And path 'sign' ........................................................... passed
And header Accept = 'application/json' .................................... passed
And param email = 'htwinbrowb4@blogspot.com' .............................. passed
And param password = 'kanyabang' .......................................... passed
When method GET ........................................................... passed
Then status 200 ........................................................... passed
And print response.accessToken ............................................ passed
And def token = response.accessToken ...................................... passed
Given url 'https://cybertek-reservation-api-qa2.herokuapp.com/' ........... passed
And path 'sign' ........................................................... passed
And header Accept = 'application/json' .................................... passed
And param email = 'dfrederickb5@yellowbook.com' ........................... passed
And param password = 'engraciahuc' ........................................ passed
When method GET ........................................................... passed
Then status 200 ........................................................... passed
And print response.accessToken ............................................ passed
And def token = response.accessToken ...................................... passed
Given url 'https://cybertek-reservation-api-qa2.herokuapp.com/' ........... passed
And path 'sign' ........................................................... passed
And header Accept = 'application/json' .................................... passed
And param email = 'apainb6@google.co.jp' .................................. passed
And param password = 'rosettalightollers' ................................. passed
When method GET ........................................................... passed
Then status 200 ........................................................... passed
And print response.accessToken ............................................ passed
And def token = response.accessToken ...................................... passed
Given url 'https://cybertek-reservation-api-qa2.herokuapp.com/' ........... passed
And path 'sign' ........................................................... passed
And header Accept = 'application/json' .................................... passed
And param email = 'fbawmeb7@studiopress.com' .............................. passed
And param password = 'sherilyngohn' ....................................... passed
When method GET ........................................................... passed
Then status 200 ........................................................... passed
And print response.accessToken ............................................ passed
And def token = response.accessToken ...................................... passed
Given url 'https://cybertek-reservation-api-qa2.herokuapp.com/' ........... passed
And path 'sign' ........................................................... passed
And header Accept = 'application/json' .................................... passed
And param email = '&lt;email&gt;' ............................................... passed
And param password = '&lt;password&gt;' ......................................... passed
When method GET ........................................................... passed
Then status 200 ........................................................... failed

Stack Trace:
com.intuit.karate.exception.KarateException: DataDrivenTests.feature:29 - status code was: 422, expected: 200, response time: 450, url: https://cybertek-reservation-api-qa2.herokuapp.com/sign?email=%3Cemail%3E&amp;password=%3Cpassword%3E, response: requested email resource was not found.&#13;
	at ✽.Then status 200 (DataDrivenTests.feature:29)&#13;

And print response.accessToken ............................................ skipped
And def token = response.accessToken ...................................... skipped
Given url 'https://cybertek-reservation-api-qa2.herokuapp.com/' ........... passed
And path 'sign' ........................................................... passed
And header Accept = 'application/json' .................................... passed
And param email = '&lt;email&gt;' ............................................... passed
And param password = '&lt;password&gt;' ......................................... passed
When method GET ........................................................... passed
Then status 200 ........................................................... failed

Stack Trace:
com.intuit.karate.exception.KarateException: DataDrivenTests.feature:29 - status code was: 422, expected: 200, response time: 429, url: https://cybertek-reservation-api-qa2.herokuapp.com/sign?email=%3Cemail%3E&amp;password=%3Cpassword%3E, response: requested email resource was not found.&#13;
	at ✽.Then status 200 (DataDrivenTests.feature:29)&#13;

And print response.accessToken ............................................ skipped
And def token = response.accessToken ...................................... skipped
Given url 'https://cybertek-reservation-api-qa2.herokuapp.com/' ........... passed
And path 'sign' ........................................................... passed
And header Accept = 'application/json' .................................... passed
And param email = '&lt;email&gt;' ............................................... passed
And param password = '&lt;password&gt;' ......................................... passed
When method GET ........................................................... passed
Then status 200 ........................................................... failed

Stack Trace:
com.intuit.karate.exception.KarateException: DataDrivenTests.feature:29 - status code was: 422, expected: 200, response time: 435, url: https://cybertek-reservation-api-qa2.herokuapp.com/sign?email=%3Cemail%3E&amp;password=%3Cpassword%3E, response: requested email resource was not found.&#13;
	at ✽.Then status 200 (DataDrivenTests.feature:29)&#13;

And print response.accessToken ............................................ skipped
And def token = response.accessToken ...................................... skipped</failure>
  </testcase>
  <testcase classname="features.DataDrivenTests" name="get token for user &lt;email&gt;" time="0.479184">
    <failure message="DataDrivenTests.feature:29 - status code was: 422, expected: 200, response time: 467, url: https://cybertek-reservation-api-qa2.herokuapp.com/sign?email=%3Cemail%3E&amp;password=%3Cpassword%3E, response: requested email resource was not found.">Given url 'https://cybertek-reservation-api-qa2.herokuapp.com/' ........... passed
And path 'sign' ........................................................... passed
And header Accept = 'application/json' .................................... passed
And param email = 'sbirdbj@fc2.com' ....................................... passed
And param password = 'asenorval' .......................................... passed
When method GET ........................................................... passed
Then status 200 ........................................................... passed
And print response.accessToken ............................................ passed
And def token = response.accessToken ...................................... passed
Given url 'https://cybertek-reservation-api-qa2.herokuapp.com/' ........... passed
And path 'sign' ........................................................... passed
And header Accept = 'application/json' .................................... passed
And param email = 'htwinbrowb4@blogspot.com' .............................. passed
And param password = 'kanyabang' .......................................... passed
When method GET ........................................................... passed
Then status 200 ........................................................... passed
And print response.accessToken ............................................ passed
And def token = response.accessToken ...................................... passed
Given url 'https://cybertek-reservation-api-qa2.herokuapp.com/' ........... passed
And path 'sign' ........................................................... passed
And header Accept = 'application/json' .................................... passed
And param email = 'dfrederickb5@yellowbook.com' ........................... passed
And param password = 'engraciahuc' ........................................ passed
When method GET ........................................................... passed
Then status 200 ........................................................... passed
And print response.accessToken ............................................ passed
And def token = response.accessToken ...................................... passed
Given url 'https://cybertek-reservation-api-qa2.herokuapp.com/' ........... passed
And path 'sign' ........................................................... passed
And header Accept = 'application/json' .................................... passed
And param email = 'apainb6@google.co.jp' .................................. passed
And param password = 'rosettalightollers' ................................. passed
When method GET ........................................................... passed
Then status 200 ........................................................... passed
And print response.accessToken ............................................ passed
And def token = response.accessToken ...................................... passed
Given url 'https://cybertek-reservation-api-qa2.herokuapp.com/' ........... passed
And path 'sign' ........................................................... passed
And header Accept = 'application/json' .................................... passed
And param email = 'fbawmeb7@studiopress.com' .............................. passed
And param password = 'sherilyngohn' ....................................... passed
When method GET ........................................................... passed
Then status 200 ........................................................... passed
And print response.accessToken ............................................ passed
And def token = response.accessToken ...................................... passed
Given url 'https://cybertek-reservation-api-qa2.herokuapp.com/' ........... passed
And path 'sign' ........................................................... passed
And header Accept = 'application/json' .................................... passed
And param email = '&lt;email&gt;' ............................................... passed
And param password = '&lt;password&gt;' ......................................... passed
When method GET ........................................................... passed
Then status 200 ........................................................... failed

Stack Trace:
com.intuit.karate.exception.KarateException: DataDrivenTests.feature:29 - status code was: 422, expected: 200, response time: 450, url: https://cybertek-reservation-api-qa2.herokuapp.com/sign?email=%3Cemail%3E&amp;password=%3Cpassword%3E, response: requested email resource was not found.&#13;
	at ✽.Then status 200 (DataDrivenTests.feature:29)&#13;

And print response.accessToken ............................................ skipped
And def token = response.accessToken ...................................... skipped
Given url 'https://cybertek-reservation-api-qa2.herokuapp.com/' ........... passed
And path 'sign' ........................................................... passed
And header Accept = 'application/json' .................................... passed
And param email = '&lt;email&gt;' ............................................... passed
And param password = '&lt;password&gt;' ......................................... passed
When method GET ........................................................... passed
Then status 200 ........................................................... failed

Stack Trace:
com.intuit.karate.exception.KarateException: DataDrivenTests.feature:29 - status code was: 422, expected: 200, response time: 429, url: https://cybertek-reservation-api-qa2.herokuapp.com/sign?email=%3Cemail%3E&amp;password=%3Cpassword%3E, response: requested email resource was not found.&#13;
	at ✽.Then status 200 (DataDrivenTests.feature:29)&#13;

And print response.accessToken ............................................ skipped
And def token = response.accessToken ...................................... skipped
Given url 'https://cybertek-reservation-api-qa2.herokuapp.com/' ........... passed
And path 'sign' ........................................................... passed
And header Accept = 'application/json' .................................... passed
And param email = '&lt;email&gt;' ............................................... passed
And param password = '&lt;password&gt;' ......................................... passed
When method GET ........................................................... passed
Then status 200 ........................................................... failed

Stack Trace:
com.intuit.karate.exception.KarateException: DataDrivenTests.feature:29 - status code was: 422, expected: 200, response time: 435, url: https://cybertek-reservation-api-qa2.herokuapp.com/sign?email=%3Cemail%3E&amp;password=%3Cpassword%3E, response: requested email resource was not found.&#13;
	at ✽.Then status 200 (DataDrivenTests.feature:29)&#13;

And print response.accessToken ............................................ skipped
And def token = response.accessToken ...................................... skipped
Given url 'https://cybertek-reservation-api-qa2.herokuapp.com/' ........... passed
And path 'sign' ........................................................... passed
And header Accept = 'application/json' .................................... passed
And param email = '&lt;email&gt;' ............................................... passed
And param password = '&lt;password&gt;' ......................................... passed
When method GET ........................................................... passed
Then status 200 ........................................................... failed

Stack Trace:
com.intuit.karate.exception.KarateException: DataDrivenTests.feature:29 - status code was: 422, expected: 200, response time: 467, url: https://cybertek-reservation-api-qa2.herokuapp.com/sign?email=%3Cemail%3E&amp;password=%3Cpassword%3E, response: requested email resource was not found.&#13;
	at ✽.Then status 200 (DataDrivenTests.feature:29)&#13;

And print response.accessToken ............................................ skipped
And def token = response.accessToken ...................................... skipped</failure>
  </testcase>
  <testcase classname="features.DataDrivenTests" name="get token for user &lt;email&gt;" time="0.475415">
    <failure message="DataDrivenTests.feature:29 - status code was: 422, expected: 200, response time: 453, url: https://cybertek-reservation-api-qa2.herokuapp.com/sign?email=%3Cemail%3E&amp;password=%3Cpassword%3E, response: requested email resource was not found.">Given url 'https://cybertek-reservation-api-qa2.herokuapp.com/' ........... passed
And path 'sign' ........................................................... passed
And header Accept = 'application/json' .................................... passed
And param email = 'sbirdbj@fc2.com' ....................................... passed
And param password = 'asenorval' .......................................... passed
When method GET ........................................................... passed
Then status 200 ........................................................... passed
And print response.accessToken ............................................ passed
And def token = response.accessToken ...................................... passed
Given url 'https://cybertek-reservation-api-qa2.herokuapp.com/' ........... passed
And path 'sign' ........................................................... passed
And header Accept = 'application/json' .................................... passed
And param email = 'htwinbrowb4@blogspot.com' .............................. passed
And param password = 'kanyabang' .......................................... passed
When method GET ........................................................... passed
Then status 200 ........................................................... passed
And print response.accessToken ............................................ passed
And def token = response.accessToken ...................................... passed
Given url 'https://cybertek-reservation-api-qa2.herokuapp.com/' ........... passed
And path 'sign' ........................................................... passed
And header Accept = 'application/json' .................................... passed
And param email = 'dfrederickb5@yellowbook.com' ........................... passed
And param password = 'engraciahuc' ........................................ passed
When method GET ........................................................... passed
Then status 200 ........................................................... passed
And print response.accessToken ............................................ passed
And def token = response.accessToken ...................................... passed
Given url 'https://cybertek-reservation-api-qa2.herokuapp.com/' ........... passed
And path 'sign' ........................................................... passed
And header Accept = 'application/json' .................................... passed
And param email = 'apainb6@google.co.jp' .................................. passed
And param password = 'rosettalightollers' ................................. passed
When method GET ........................................................... passed
Then status 200 ........................................................... passed
And print response.accessToken ............................................ passed
And def token = response.accessToken ...................................... passed
Given url 'https://cybertek-reservation-api-qa2.herokuapp.com/' ........... passed
And path 'sign' ........................................................... passed
And header Accept = 'application/json' .................................... passed
And param email = 'fbawmeb7@studiopress.com' .............................. passed
And param password = 'sherilyngohn' ....................................... passed
When method GET ........................................................... passed
Then status 200 ........................................................... passed
And print response.accessToken ............................................ passed
And def token = response.accessToken ...................................... passed
Given url 'https://cybertek-reservation-api-qa2.herokuapp.com/' ........... passed
And path 'sign' ........................................................... passed
And header Accept = 'application/json' .................................... passed
And param email = '&lt;email&gt;' ............................................... passed
And param password = '&lt;password&gt;' ......................................... passed
When method GET ........................................................... passed
Then status 200 ........................................................... failed

Stack Trace:
com.intuit.karate.exception.KarateException: DataDrivenTests.feature:29 - status code was: 422, expected: 200, response time: 450, url: https://cybertek-reservation-api-qa2.herokuapp.com/sign?email=%3Cemail%3E&amp;password=%3Cpassword%3E, response: requested email resource was not found.&#13;
	at ✽.Then status 200 (DataDrivenTests.feature:29)&#13;

And print response.accessToken ............................................ skipped
And def token = response.accessToken ...................................... skipped
Given url 'https://cybertek-reservation-api-qa2.herokuapp.com/' ........... passed
And path 'sign' ........................................................... passed
And header Accept = 'application/json' .................................... passed
And param email = '&lt;email&gt;' ............................................... passed
And param password = '&lt;password&gt;' ......................................... passed
When method GET ........................................................... passed
Then status 200 ........................................................... failed

Stack Trace:
com.intuit.karate.exception.KarateException: DataDrivenTests.feature:29 - status code was: 422, expected: 200, response time: 429, url: https://cybertek-reservation-api-qa2.herokuapp.com/sign?email=%3Cemail%3E&amp;password=%3Cpassword%3E, response: requested email resource was not found.&#13;
	at ✽.Then status 200 (DataDrivenTests.feature:29)&#13;

And print response.accessToken ............................................ skipped
And def token = response.accessToken ...................................... skipped
Given url 'https://cybertek-reservation-api-qa2.herokuapp.com/' ........... passed
And path 'sign' ........................................................... passed
And header Accept = 'application/json' .................................... passed
And param email = '&lt;email&gt;' ............................................... passed
And param password = '&lt;password&gt;' ......................................... passed
When method GET ........................................................... passed
Then status 200 ........................................................... failed

Stack Trace:
com.intuit.karate.exception.KarateException: DataDrivenTests.feature:29 - status code was: 422, expected: 200, response time: 435, url: https://cybertek-reservation-api-qa2.herokuapp.com/sign?email=%3Cemail%3E&amp;password=%3Cpassword%3E, response: requested email resource was not found.&#13;
	at ✽.Then status 200 (DataDrivenTests.feature:29)&#13;

And print response.accessToken ............................................ skipped
And def token = response.accessToken ...................................... skipped
Given url 'https://cybertek-reservation-api-qa2.herokuapp.com/' ........... passed
And path 'sign' ........................................................... passed
And header Accept = 'application/json' .................................... passed
And param email = '&lt;email&gt;' ............................................... passed
And param password = '&lt;password&gt;' ......................................... passed
When method GET ........................................................... passed
Then status 200 ........................................................... failed

Stack Trace:
com.intuit.karate.exception.KarateException: DataDrivenTests.feature:29 - status code was: 422, expected: 200, response time: 467, url: https://cybertek-reservation-api-qa2.herokuapp.com/sign?email=%3Cemail%3E&amp;password=%3Cpassword%3E, response: requested email resource was not found.&#13;
	at ✽.Then status 200 (DataDrivenTests.feature:29)&#13;

And print response.accessToken ............................................ skipped
And def token = response.accessToken ...................................... skipped
Given url 'https://cybertek-reservation-api-qa2.herokuapp.com/' ........... passed
And path 'sign' ........................................................... passed
And header Accept = 'application/json' .................................... passed
And param email = '&lt;email&gt;' ............................................... passed
And param password = '&lt;password&gt;' ......................................... passed
When method GET ........................................................... passed
Then status 200 ........................................................... failed

Stack Trace:
com.intuit.karate.exception.KarateException: DataDrivenTests.feature:29 - status code was: 422, expected: 200, response time: 453, url: https://cybertek-reservation-api-qa2.herokuapp.com/sign?email=%3Cemail%3E&amp;password=%3Cpassword%3E, response: requested email resource was not found.&#13;
	at ✽.Then status 200 (DataDrivenTests.feature:29)&#13;

And print response.accessToken ............................................ skipped
And def token = response.accessToken ...................................... skipped</failure>
  </testcase>
  <testcase classname="features.DataDrivenTests" name="get token for user &lt;email&gt;" time="0.456753">
    <failure message="DataDrivenTests.feature:29 - status code was: 422, expected: 200, response time: 448, url: https://cybertek-reservation-api-qa2.herokuapp.com/sign?email=%3Cemail%3E&amp;password=%3Cpassword%3E, response: requested email resource was not found.">Given url 'https://cybertek-reservation-api-qa2.herokuapp.com/' ........... passed
And path 'sign' ........................................................... passed
And header Accept = 'application/json' .................................... passed
And param email = 'sbirdbj@fc2.com' ....................................... passed
And param password = 'asenorval' .......................................... passed
When method GET ........................................................... passed
Then status 200 ........................................................... passed
And print response.accessToken ............................................ passed
And def token = response.accessToken ...................................... passed
Given url 'https://cybertek-reservation-api-qa2.herokuapp.com/' ........... passed
And path 'sign' ........................................................... passed
And header Accept = 'application/json' .................................... passed
And param email = 'htwinbrowb4@blogspot.com' .............................. passed
And param password = 'kanyabang' .......................................... passed
When method GET ........................................................... passed
Then status 200 ........................................................... passed
And print response.accessToken ............................................ passed
And def token = response.accessToken ...................................... passed
Given url 'https://cybertek-reservation-api-qa2.herokuapp.com/' ........... passed
And path 'sign' ........................................................... passed
And header Accept = 'application/json' .................................... passed
And param email = 'dfrederickb5@yellowbook.com' ........................... passed
And param password = 'engraciahuc' ........................................ passed
When method GET ........................................................... passed
Then status 200 ........................................................... passed
And print response.accessToken ............................................ passed
And def token = response.accessToken ...................................... passed
Given url 'https://cybertek-reservation-api-qa2.herokuapp.com/' ........... passed
And path 'sign' ........................................................... passed
And header Accept = 'application/json' .................................... passed
And param email = 'apainb6@google.co.jp' .................................. passed
And param password = 'rosettalightollers' ................................. passed
When method GET ........................................................... passed
Then status 200 ........................................................... passed
And print response.accessToken ............................................ passed
And def token = response.accessToken ...................................... passed
Given url 'https://cybertek-reservation-api-qa2.herokuapp.com/' ........... passed
And path 'sign' ........................................................... passed
And header Accept = 'application/json' .................................... passed
And param email = 'fbawmeb7@studiopress.com' .............................. passed
And param password = 'sherilyngohn' ....................................... passed
When method GET ........................................................... passed
Then status 200 ........................................................... passed
And print response.accessToken ............................................ passed
And def token = response.accessToken ...................................... passed
Given url 'https://cybertek-reservation-api-qa2.herokuapp.com/' ........... passed
And path 'sign' ........................................................... passed
And header Accept = 'application/json' .................................... passed
And param email = '&lt;email&gt;' ............................................... passed
And param password = '&lt;password&gt;' ......................................... passed
When method GET ........................................................... passed
Then status 200 ........................................................... failed

Stack Trace:
com.intuit.karate.exception.KarateException: DataDrivenTests.feature:29 - status code was: 422, expected: 200, response time: 450, url: https://cybertek-reservation-api-qa2.herokuapp.com/sign?email=%3Cemail%3E&amp;password=%3Cpassword%3E, response: requested email resource was not found.&#13;
	at ✽.Then status 200 (DataDrivenTests.feature:29)&#13;

And print response.accessToken ............................................ skipped
And def token = response.accessToken ...................................... skipped
Given url 'https://cybertek-reservation-api-qa2.herokuapp.com/' ........... passed
And path 'sign' ........................................................... passed
And header Accept = 'application/json' .................................... passed
And param email = '&lt;email&gt;' ............................................... passed
And param password = '&lt;password&gt;' ......................................... passed
When method GET ........................................................... passed
Then status 200 ........................................................... failed

Stack Trace:
com.intuit.karate.exception.KarateException: DataDrivenTests.feature:29 - status code was: 422, expected: 200, response time: 429, url: https://cybertek-reservation-api-qa2.herokuapp.com/sign?email=%3Cemail%3E&amp;password=%3Cpassword%3E, response: requested email resource was not found.&#13;
	at ✽.Then status 200 (DataDrivenTests.feature:29)&#13;

And print response.accessToken ............................................ skipped
And def token = response.accessToken ...................................... skipped
Given url 'https://cybertek-reservation-api-qa2.herokuapp.com/' ........... passed
And path 'sign' ........................................................... passed
And header Accept = 'application/json' .................................... passed
And param email = '&lt;email&gt;' ............................................... passed
And param password = '&lt;password&gt;' ......................................... passed
When method GET ........................................................... passed
Then status 200 ........................................................... failed

Stack Trace:
com.intuit.karate.exception.KarateException: DataDrivenTests.feature:29 - status code was: 422, expected: 200, response time: 435, url: https://cybertek-reservation-api-qa2.herokuapp.com/sign?email=%3Cemail%3E&amp;password=%3Cpassword%3E, response: requested email resource was not found.&#13;
	at ✽.Then status 200 (DataDrivenTests.feature:29)&#13;

And print response.accessToken ............................................ skipped
And def token = response.accessToken ...................................... skipped
Given url 'https://cybertek-reservation-api-qa2.herokuapp.com/' ........... passed
And path 'sign' ........................................................... passed
And header Accept = 'application/json' .................................... passed
And param email = '&lt;email&gt;' ............................................... passed
And param password = '&lt;password&gt;' ......................................... passed
When method GET ........................................................... passed
Then status 200 ........................................................... failed

Stack Trace:
com.intuit.karate.exception.KarateException: DataDrivenTests.feature:29 - status code was: 422, expected: 200, response time: 467, url: https://cybertek-reservation-api-qa2.herokuapp.com/sign?email=%3Cemail%3E&amp;password=%3Cpassword%3E, response: requested email resource was not found.&#13;
	at ✽.Then status 200 (DataDrivenTests.feature:29)&#13;

And print response.accessToken ............................................ skipped
And def token = response.accessToken ...................................... skipped
Given url 'https://cybertek-reservation-api-qa2.herokuapp.com/' ........... passed
And path 'sign' ........................................................... passed
And header Accept = 'application/json' .................................... passed
And param email = '&lt;email&gt;' ............................................... passed
And param password = '&lt;password&gt;' ......................................... passed
When method GET ........................................................... passed
Then status 200 ........................................................... failed

Stack Trace:
com.intuit.karate.exception.KarateException: DataDrivenTests.feature:29 - status code was: 422, expected: 200, response time: 453, url: https://cybertek-reservation-api-qa2.herokuapp.com/sign?email=%3Cemail%3E&amp;password=%3Cpassword%3E, response: requested email resource was not found.&#13;
	at ✽.Then status 200 (DataDrivenTests.feature:29)&#13;

And print response.accessToken ............................................ skipped
And def token = response.accessToken ...................................... skipped
Given url 'https://cybertek-reservation-api-qa2.herokuapp.com/' ........... passed
And path 'sign' ........................................................... passed
And header Accept = 'application/json' .................................... passed
And param email = '&lt;email&gt;' ............................................... passed
And param password = '&lt;password&gt;' ......................................... passed
When method GET ........................................................... passed
Then status 200 ........................................................... failed

Stack Trace:
com.intuit.karate.exception.KarateException: DataDrivenTests.feature:29 - status code was: 422, expected: 200, response time: 448, url: https://cybertek-reservation-api-qa2.herokuapp.com/sign?email=%3Cemail%3E&amp;password=%3Cpassword%3E, response: requested email resource was not found.&#13;
	at ✽.Then status 200 (DataDrivenTests.feature:29)&#13;

And print response.accessToken ............................................ skipped
And def token = response.accessToken ...................................... skipped</failure>
  </testcase>
  <testcase classname="features.DataDrivenTests" name="get token for user &lt;email&gt;" time="0.482132">
    <failure message="DataDrivenTests.feature:29 - status code was: 422, expected: 200, response time: 451, url: https://cybertek-reservation-api-qa2.herokuapp.com/sign?email=%3Cemail%3E&amp;password=%3Cpassword%3E, response: requested email resource was not found.">Given url 'https://cybertek-reservation-api-qa2.herokuapp.com/' ........... passed
And path 'sign' ........................................................... passed
And header Accept = 'application/json' .................................... passed
And param email = 'sbirdbj@fc2.com' ....................................... passed
And param password = 'asenorval' .......................................... passed
When method GET ........................................................... passed
Then status 200 ........................................................... passed
And print response.accessToken ............................................ passed
And def token = response.accessToken ...................................... passed
Given url 'https://cybertek-reservation-api-qa2.herokuapp.com/' ........... passed
And path 'sign' ........................................................... passed
And header Accept = 'application/json' .................................... passed
And param email = 'htwinbrowb4@blogspot.com' .............................. passed
And param password = 'kanyabang' .......................................... passed
When method GET ........................................................... passed
Then status 200 ........................................................... passed
And print response.accessToken ............................................ passed
And def token = response.accessToken ...................................... passed
Given url 'https://cybertek-reservation-api-qa2.herokuapp.com/' ........... passed
And path 'sign' ........................................................... passed
And header Accept = 'application/json' .................................... passed
And param email = 'dfrederickb5@yellowbook.com' ........................... passed
And param password = 'engraciahuc' ........................................ passed
When method GET ........................................................... passed
Then status 200 ........................................................... passed
And print response.accessToken ............................................ passed
And def token = response.accessToken ...................................... passed
Given url 'https://cybertek-reservation-api-qa2.herokuapp.com/' ........... passed
And path 'sign' ........................................................... passed
And header Accept = 'application/json' .................................... passed
And param email = 'apainb6@google.co.jp' .................................. passed
And param password = 'rosettalightollers' ................................. passed
When method GET ........................................................... passed
Then status 200 ........................................................... passed
And print response.accessToken ............................................ passed
And def token = response.accessToken ...................................... passed
Given url 'https://cybertek-reservation-api-qa2.herokuapp.com/' ........... passed
And path 'sign' ........................................................... passed
And header Accept = 'application/json' .................................... passed
And param email = 'fbawmeb7@studiopress.com' .............................. passed
And param password = 'sherilyngohn' ....................................... passed
When method GET ........................................................... passed
Then status 200 ........................................................... passed
And print response.accessToken ............................................ passed
And def token = response.accessToken ...................................... passed
Given url 'https://cybertek-reservation-api-qa2.herokuapp.com/' ........... passed
And path 'sign' ........................................................... passed
And header Accept = 'application/json' .................................... passed
And param email = '&lt;email&gt;' ............................................... passed
And param password = '&lt;password&gt;' ......................................... passed
When method GET ........................................................... passed
Then status 200 ........................................................... failed

Stack Trace:
com.intuit.karate.exception.KarateException: DataDrivenTests.feature:29 - status code was: 422, expected: 200, response time: 450, url: https://cybertek-reservation-api-qa2.herokuapp.com/sign?email=%3Cemail%3E&amp;password=%3Cpassword%3E, response: requested email resource was not found.&#13;
	at ✽.Then status 200 (DataDrivenTests.feature:29)&#13;

And print response.accessToken ............................................ skipped
And def token = response.accessToken ...................................... skipped
Given url 'https://cybertek-reservation-api-qa2.herokuapp.com/' ........... passed
And path 'sign' ........................................................... passed
And header Accept = 'application/json' .................................... passed
And param email = '&lt;email&gt;' ............................................... passed
And param password = '&lt;password&gt;' ......................................... passed
When method GET ........................................................... passed
Then status 200 ........................................................... failed

Stack Trace:
com.intuit.karate.exception.KarateException: DataDrivenTests.feature:29 - status code was: 422, expected: 200, response time: 429, url: https://cybertek-reservation-api-qa2.herokuapp.com/sign?email=%3Cemail%3E&amp;password=%3Cpassword%3E, response: requested email resource was not found.&#13;
	at ✽.Then status 200 (DataDrivenTests.feature:29)&#13;

And print response.accessToken ............................................ skipped
And def token = response.accessToken ...................................... skipped
Given url 'https://cybertek-reservation-api-qa2.herokuapp.com/' ........... passed
And path 'sign' ........................................................... passed
And header Accept = 'application/json' .................................... passed
And param email = '&lt;email&gt;' ............................................... passed
And param password = '&lt;password&gt;' ......................................... passed
When method GET ........................................................... passed
Then status 200 ........................................................... failed

Stack Trace:
com.intuit.karate.exception.KarateException: DataDrivenTests.feature:29 - status code was: 422, expected: 200, response time: 435, url: https://cybertek-reservation-api-qa2.herokuapp.com/sign?email=%3Cemail%3E&amp;password=%3Cpassword%3E, response: requested email resource was not found.&#13;
	at ✽.Then status 200 (DataDrivenTests.feature:29)&#13;

And print response.accessToken ............................................ skipped
And def token = response.accessToken ...................................... skipped
Given url 'https://cybertek-reservation-api-qa2.herokuapp.com/' ........... passed
And path 'sign' ........................................................... passed
And header Accept = 'application/json' .................................... passed
And param email = '&lt;email&gt;' ............................................... passed
And param password = '&lt;password&gt;' ......................................... passed
When method GET ........................................................... passed
Then status 200 ........................................................... failed

Stack Trace:
com.intuit.karate.exception.KarateException: DataDrivenTests.feature:29 - status code was: 422, expected: 200, response time: 467, url: https://cybertek-reservation-api-qa2.herokuapp.com/sign?email=%3Cemail%3E&amp;password=%3Cpassword%3E, response: requested email resource was not found.&#13;
	at ✽.Then status 200 (DataDrivenTests.feature:29)&#13;

And print response.accessToken ............................................ skipped
And def token = response.accessToken ...................................... skipped
Given url 'https://cybertek-reservation-api-qa2.herokuapp.com/' ........... passed
And path 'sign' ........................................................... passed
And header Accept = 'application/json' .................................... passed
And param email = '&lt;email&gt;' ............................................... passed
And param password = '&lt;password&gt;' ......................................... passed
When method GET ........................................................... passed
Then status 200 ........................................................... failed

Stack Trace:
com.intuit.karate.exception.KarateException: DataDrivenTests.feature:29 - status code was: 422, expected: 200, response time: 453, url: https://cybertek-reservation-api-qa2.herokuapp.com/sign?email=%3Cemail%3E&amp;password=%3Cpassword%3E, response: requested email resource was not found.&#13;
	at ✽.Then status 200 (DataDrivenTests.feature:29)&#13;

And print response.accessToken ............................................ skipped
And def token = response.accessToken ...................................... skipped
Given url 'https://cybertek-reservation-api-qa2.herokuapp.com/' ........... passed
And path 'sign' ........................................................... passed
And header Accept = 'application/json' .................................... passed
And param email = '&lt;email&gt;' ............................................... passed
And param password = '&lt;password&gt;' ......................................... passed
When method GET ........................................................... passed
Then status 200 ........................................................... failed

Stack Trace:
com.intuit.karate.exception.KarateException: DataDrivenTests.feature:29 - status code was: 422, expected: 200, response time: 448, url: https://cybertek-reservation-api-qa2.herokuapp.com/sign?email=%3Cemail%3E&amp;password=%3Cpassword%3E, response: requested email resource was not found.&#13;
	at ✽.Then status 200 (DataDrivenTests.feature:29)&#13;

And print response.accessToken ............................................ skipped
And def token = response.accessToken ...................................... skipped
Given url 'https://cybertek-reservation-api-qa2.herokuapp.com/' ........... passed
And path 'sign' ........................................................... passed
And header Accept = 'application/json' .................................... passed
And param email = '&lt;email&gt;' ............................................... passed
And param password = '&lt;password&gt;' ......................................... passed
When method GET ........................................................... passed
Then status 200 ........................................................... failed

Stack Trace:
com.intuit.karate.exception.KarateException: DataDrivenTests.feature:29 - status code was: 422, expected: 200, response time: 451, url: https://cybertek-reservation-api-qa2.herokuapp.com/sign?email=%3Cemail%3E&amp;password=%3Cpassword%3E, response: requested email resource was not found.&#13;
	at ✽.Then status 200 (DataDrivenTests.feature:29)&#13;

And print response.accessToken ............................................ skipped
And def token = response.accessToken ...................................... skipped</failure>
  </testcase>
  <testcase classname="features.DataDrivenTests" name="get token for user &lt;email&gt;" time="0.452354">
    <failure message="DataDrivenTests.feature:29 - status code was: 422, expected: 200, response time: 443, url: https://cybertek-reservation-api-qa2.herokuapp.com/sign?email=%3Cemail%3E&amp;password=%3Cpassword%3E, response: requested email resource was not found.">Given url 'https://cybertek-reservation-api-qa2.herokuapp.com/' ........... passed
And path 'sign' ........................................................... passed
And header Accept = 'application/json' .................................... passed
And param email = 'sbirdbj@fc2.com' ....................................... passed
And param password = 'asenorval' .......................................... passed
When method GET ........................................................... passed
Then status 200 ........................................................... passed
And print response.accessToken ............................................ passed
And def token = response.accessToken ...................................... passed
Given url 'https://cybertek-reservation-api-qa2.herokuapp.com/' ........... passed
And path 'sign' ........................................................... passed
And header Accept = 'application/json' .................................... passed
And param email = 'htwinbrowb4@blogspot.com' .............................. passed
And param password = 'kanyabang' .......................................... passed
When method GET ........................................................... passed
Then status 200 ........................................................... passed
And print response.accessToken ............................................ passed
And def token = response.accessToken ...................................... passed
Given url 'https://cybertek-reservation-api-qa2.herokuapp.com/' ........... passed
And path 'sign' ........................................................... passed
And header Accept = 'application/json' .................................... passed
And param email = 'dfrederickb5@yellowbook.com' ........................... passed
And param password = 'engraciahuc' ........................................ passed
When method GET ........................................................... passed
Then status 200 ........................................................... passed
And print response.accessToken ............................................ passed
And def token = response.accessToken ...................................... passed
Given url 'https://cybertek-reservation-api-qa2.herokuapp.com/' ........... passed
And path 'sign' ........................................................... passed
And header Accept = 'application/json' .................................... passed
And param email = 'apainb6@google.co.jp' .................................. passed
And param password = 'rosettalightollers' ................................. passed
When method GET ........................................................... passed
Then status 200 ........................................................... passed
And print response.accessToken ............................................ passed
And def token = response.accessToken ...................................... passed
Given url 'https://cybertek-reservation-api-qa2.herokuapp.com/' ........... passed
And path 'sign' ........................................................... passed
And header Accept = 'application/json' .................................... passed
And param email = 'fbawmeb7@studiopress.com' .............................. passed
And param password = 'sherilyngohn' ....................................... passed
When method GET ........................................................... passed
Then status 200 ........................................................... passed
And print response.accessToken ............................................ passed
And def token = response.accessToken ...................................... passed
Given url 'https://cybertek-reservation-api-qa2.herokuapp.com/' ........... passed
And path 'sign' ........................................................... passed
And header Accept = 'application/json' .................................... passed
And param email = '&lt;email&gt;' ............................................... passed
And param password = '&lt;password&gt;' ......................................... passed
When method GET ........................................................... passed
Then status 200 ........................................................... failed

Stack Trace:
com.intuit.karate.exception.KarateException: DataDrivenTests.feature:29 - status code was: 422, expected: 200, response time: 450, url: https://cybertek-reservation-api-qa2.herokuapp.com/sign?email=%3Cemail%3E&amp;password=%3Cpassword%3E, response: requested email resource was not found.&#13;
	at ✽.Then status 200 (DataDrivenTests.feature:29)&#13;

And print response.accessToken ............................................ skipped
And def token = response.accessToken ...................................... skipped
Given url 'https://cybertek-reservation-api-qa2.herokuapp.com/' ........... passed
And path 'sign' ........................................................... passed
And header Accept = 'application/json' .................................... passed
And param email = '&lt;email&gt;' ............................................... passed
And param password = '&lt;password&gt;' ......................................... passed
When method GET ........................................................... passed
Then status 200 ........................................................... failed

Stack Trace:
com.intuit.karate.exception.KarateException: DataDrivenTests.feature:29 - status code was: 422, expected: 200, response time: 429, url: https://cybertek-reservation-api-qa2.herokuapp.com/sign?email=%3Cemail%3E&amp;password=%3Cpassword%3E, response: requested email resource was not found.&#13;
	at ✽.Then status 200 (DataDrivenTests.feature:29)&#13;

And print response.accessToken ............................................ skipped
And def token = response.accessToken ...................................... skipped
Given url 'https://cybertek-reservation-api-qa2.herokuapp.com/' ........... passed
And path 'sign' ........................................................... passed
And header Accept = 'application/json' .................................... passed
And param email = '&lt;email&gt;' ............................................... passed
And param password = '&lt;password&gt;' ......................................... passed
When method GET ........................................................... passed
Then status 200 ........................................................... failed

Stack Trace:
com.intuit.karate.exception.KarateException: DataDrivenTests.feature:29 - status code was: 422, expected: 200, response time: 435, url: https://cybertek-reservation-api-qa2.herokuapp.com/sign?email=%3Cemail%3E&amp;password=%3Cpassword%3E, response: requested email resource was not found.&#13;
	at ✽.Then status 200 (DataDrivenTests.feature:29)&#13;

And print response.accessToken ............................................ skipped
[...]
And path 'sign' ........................................................... passed
And header Accept = 'application/json' .................................... passed
And param email = '&lt;email&gt;' ............................................... passed
And param password = '&lt;password&gt;' ......................................... passed
When method GET ........................................................... passed
Then status 200 ........................................................... failed

Stack Trace:
com.intuit.karate.exception.KarateException: DataDrivenTests.feature:29 - status code was: 422, expected: 200, response time: 450, url: https://cybertek-reservation-api-qa2.herokuapp.com/sign?email=%3Cemail%3E&amp;password=%3Cpassword%3E, response: requested email resource was not found.&#13;
	at ✽.Then status 200 (DataDrivenTests.feature:29)&#13;

And print response.accessToken ............................................ skipped
And def token = response.accessToken ...................................... skipped
Given url 'https://cybertek-reservation-api-qa2.herokuapp.com/' ........... passed
And path 'sign' ........................................................... passed
And header Accept = 'application/json' .................................... passed
And param email = '&lt;email&gt;' ............................................... passed
And param password = '&lt;password&gt;' ......................................... passed
When method GET ........................................................... passed
Then status 200 ........................................................... failed

Stack Trace:
com.intuit.karate.exception.KarateException: DataDrivenTests.feature:29 - status code was: 422, expected: 200, response time: 429, url: https://cybertek-reservation-api-qa2.herokuapp.com/sign?email=%3Cemail%3E&amp;password=%3Cpassword%3E, response: requested email resource was not found.&#13;
	at ✽.Then status 200 (DataDrivenTests.feature:29)&#13;

And print response.accessToken ............................................ skipped
And def token = response.accessToken ...................................... skipped
Given url 'https://cybertek-reservation-api-qa2.herokuapp.com/' ........... passed
And path 'sign' ........................................................... passed
And header Accept = 'application/json' .................................... passed
And param email = '&lt;email&gt;' ............................................... passed
And param password = '&lt;password&gt;' ......................................... passed
When method GET ........................................................... passed
Then status 200 ........................................................... failed

Stack Trace:
com.intuit.karate.exception.KarateException: DataDrivenTests.feature:29 - status code was: 422, expected: 200, response time: 435, url: https://cybertek-reservation-api-qa2.herokuapp.com/sign?email=%3Cemail%3E&amp;password=%3Cpassword%3E, response: requested email resource was not found.&#13;
	at ✽.Then status 200 (DataDrivenTests.feature:29)&#13;

And print response.accessToken ............................................ skipped
And def token = response.accessToken ...................................... skipped
Given url 'https://cybertek-reservation-api-qa2.herokuapp.com/' ........... passed
And path 'sign' ........................................................... passed
And header Accept = 'application/json' .................................... passed
And param email = '&lt;email&gt;' ............................................... passed
And param password = '&lt;password&gt;' ......................................... passed
When method GET ........................................................... passed
Then status 200 ........................................................... failed

Stack Trace:
com.intuit.karate.exception.KarateException: DataDrivenTests.feature:29 - status code was: 422, expected: 200, response time: 467, url: https://cybertek-reservation-api-qa2.herokuapp.com/sign?email=%3Cemail%3E&amp;password=%3Cpassword%3E, response: requested email resource was not found.&#13;
	at ✽.Then status 200 (DataDrivenTests.feature:29)&#13;

And print response.accessToken ............................................ skipped
And def token = response.accessToken ...................................... skipped
Given url 'https://cybertek-reservation-api-qa2.herokuapp.com/' ........... passed
And path 'sign' ........................................................... passed
And header Accept = 'application/json' .................................... passed
And param email = '&lt;email&gt;' ............................................... passed
And param password = '&lt;password&gt;' ......................................... passed
When method GET ........................................................... passed
Then status 200 ........................................................... failed

Stack Trace:
com.intuit.karate.exception.KarateException: DataDrivenTests.feature:29 - status code was: 422, expected: 200, response time: 453, url: https://cybertek-reservation-api-qa2.herokuapp.com/sign?email=%3Cemail%3E&amp;password=%3Cpassword%3E, response: requested email resource was not found.&#13;
	at ✽.Then status 200 (DataDrivenTests.feature:29)&#13;

And print response.accessToken ............................................ skipped
And def token = response.accessToken ...................................... skipped
Given url 'https://cybertek-reservation-api-qa2.herokuapp.com/' ........... passed
And path 'sign' ........................................................... passed
And header Accept = 'application/json' .................................... passed
And param email = '&lt;email&gt;' ............................................... passed
And param password = '&lt;password&gt;' ......................................... passed
When method GET ........................................................... passed
Then status 200 ........................................................... failed

Stack Trace:
com.intuit.karate.exception.KarateException: DataDrivenTests.feature:29 - status code was: 422, expected: 200, response time: 448, url: https://cybertek-reservation-api-qa2.herokuapp.com/sign?email=%3Cemail%3E&amp;password=%3Cpassword%3E, response: requested email resource was not found.&#13;
	at ✽.Then status 200 (DataDrivenTests.feature:29)&#13;

And print response.accessToken ............................................ skipped
And def token = response.accessToken ...................................... skipped
Given url 'https://cybertek-reservation-api-qa2.herokuapp.com/' ........... passed
And path 'sign' ........................................................... passed
And header Accept = 'application/json' .................................... passed
And param email = '&lt;email&gt;' ............................................... passed
And param password = '&lt;password&gt;' ......................................... passed
When method GET ........................................................... passed
Then status 200 ........................................................... failed

Stack Trace:
com.intuit.karate.exception.KarateException: DataDrivenTests.feature:29 - status code was: 422, expected: 200, response time: 451, url: https://cybertek-reservation-api-qa2.herokuapp.com/sign?email=%3Cemail%3E&amp;password=%3Cpassword%3E, response: requested email resource was not found.&#13;
	at ✽.Then status 200 (DataDrivenTests.feature:29)&#13;

And print response.accessToken ............................................ skipped
And def token = response.accessToken ...................................... skipped
Given url 'https://cybertek-reservation-api-qa2.herokuapp.com/' ........... passed
And path 'sign' ........................................................... passed
And header Accept = 'application/json' .................................... passed
And param email = '&lt;email&gt;' ............................................... passed
And param password = '&lt;password&gt;' ......................................... passed
When method GET ........................................................... passed
Then status 200 ........................................................... failed

Stack Trace:
com.intuit.karate.exception.KarateException: DataDrivenTests.feature:29 - status code was: 422, expected: 200, response time: 443, url: https://cybertek-reservation-api-qa2.herokuapp.com/sign?email=%3Cemail%3E&amp;password=%3Cpassword%3E, response: requested email resource was not found.&#13;
	at ✽.Then status 200 (DataDrivenTests.feature:29)&#13;

And print response.accessToken ............................................ skipped
And def token = response.accessToken ...................................... skipped
Given url 'https://cybertek-reservation-api-qa2.herokuapp.com/' ........... passed
And path 'sign' ........................................................... passed
And header Accept = 'application/json' .................................... passed
And param email = '&lt;email&gt;' ............................................... passed
And param password = '&lt;password&gt;' ......................................... passed
When method GET ........................................................... passed
Then status 200 ........................................................... failed

Stack Trace:
com.intuit.karate.exception.KarateException: DataDrivenTests.feature:29 - status code was: 422, expected: 200, response time: 466, url: https://cybertek-reservation-api-qa2.herokuapp.com/sign?email=%3Cemail%3E&amp;password=%3Cpassword%3E, response: requested email resource was not found.&#13;
	at ✽.Then status 200 (DataDrivenTests.feature:29)&#13;

And print response.accessToken ............................................ skipped
And def token = response.accessToken ...................................... skipped
Given url 'https://cybertek-reservation-api-qa2.herokuapp.com/' ........... passed
And path 'sign' ........................................................... passed
And header Accept = 'application/json' .................................... passed
And param email = '&lt;email&gt;' ............................................... passed
And param password = '&lt;password&gt;' ......................................... passed
When method GET ........................................................... passed
Then status 200 ........................................................... failed

Stack Trace:
com.intuit.karate.exception.KarateException: DataDrivenTests.feature:29 - status code was: 422, expected: 200, response time: 453, url: https://cybertek-reservation-api-qa2.herokuapp.com/sign?email=%3Cemail%3E&amp;password=%3Cpassword%3E, response: requested email resource was not found.&#13;
	at ✽.Then status 200 (DataDrivenTests.feature:29)&#13;

And print response.accessToken ............................................ skipped
And def token = response.accessToken ...................................... skipped
Given url 'https://cybertek-reservation-api-qa2.herokuapp.com/' ........... passed
And path 'sign' ........................................................... passed
And header Accept = 'application/json' .................................... passed
And param email = '&lt;email&gt;' ............................................... passed
And param password = '&lt;password&gt;' ......................................... passed
When method GET ........................................................... passed
Then status 200 ........................................................... failed

Stack Trace:
com.intuit.karate.exception.KarateException: DataDrivenTests.feature:29 - status code was: 422, expected: 200, response time: 457, url: https://cybertek-reservation-api-qa2.herokuapp.com/sign?email=%3Cemail%3E&amp;password=%3Cpassword%3E, response: requested email resource was not found.&#13;
	at ✽.Then status 200 (DataDrivenTests.feature:29)&#13;

And print response.accessToken ............................................ skipped
And def token = response.accessToken ...................................... skipped
Given url 'https://cybertek-reservation-api-qa2.herokuapp.com/' ........... passed
And path 'sign' ........................................................... passed
And header Accept = 'application/json' .................................... passed
And param email = '&lt;email&gt;' ............................................... passed
And param password = '&lt;password&gt;' ......................................... passed
When method GET ........................................................... passed
Then status 200 ........................................................... failed

Stack Trace:
com.intuit.karate.exception.KarateException: DataDrivenTests.feature:29 - status code was: 422, expected: 200, response time: 431, url: https://cybertek-reservation-api-qa2.herokuapp.com/sign?email=%3Cemail%3E&amp;password=%3Cpassword%3E, response: requested email resource was not found.&#13;
	at ✽.Then status 200 (DataDrivenTests.feature:29)&#13;

And print response.accessToken ............................................ skipped
And def token = response.accessToken ...................................... skipped
Given url 'https://cybertek-reservation-api-qa2.herokuapp.com/' ........... passed
And path 'sign' ........................................................... passed
And header Accept = 'application/json' .................................... passed
And param email = '&lt;email&gt;' ............................................... passed
And param password = '&lt;password&gt;' ......................................... passed
When method GET ........................................................... passed
Then status 200 ........................................................... failed

Stack Trace:
com.intuit.karate.exception.KarateException: DataDrivenTests.feature:29 - status code was: 422, expected: 200, response time: 440, url: https://cybertek-reservation-api-qa2.herokuapp.com/sign?email=%3Cemail%3E&amp;password=%3Cpassword%3E, response: requested email resource was not found.&#13;
	at ✽.Then status 200 (DataDrivenTests.feature:29)&#13;

And print response.accessToken ............................................ skipped
And def token = response.accessToken ...................................... skipped
Given url 'https://cybertek-reservation-api-qa2.herokuapp.com/' ........... passed
And path 'sign' ........................................................... passed
And header Accept = 'application/json' .................................... passed
And param email = '&lt;email&gt;' ............................................... passed
And param password = '&lt;password&gt;' ......................................... passed
When method GET ........................................................... passed
Then status 200 ........................................................... failed

Stack Trace:
com.intuit.karate.exception.KarateException: DataDrivenTests.feature:29 - status code was: 422, expected: 200, response time: 428, url: https://cybertek-reservation-api-qa2.herokuapp.com/sign?email=%3Cemail%3E&amp;password=%3Cpassword%3E, response: requested email resource was not found.&#13;
	at ✽.Then status 200 (DataDrivenTests.feature:29)&#13;

And print response.accessToken ............................................ skipped
And def token = response.accessToken ...................................... skipped
Given url 'https://cybertek-reservation-api-qa2.herokuapp.com/' ........... passed
And path 'sign' ........................................................... passed
And header Accept = 'application/json' .................................... passed
And param email = '&lt;email&gt;' ............................................... passed
And param password = '&lt;password&gt;' ......................................... passed
When method GET ........................................................... passed
Then status 200 ........................................................... failed

Stack Trace:
com.intuit.karate.exception.KarateException: DataDrivenTests.feature:29 - status code was: 422, expected: 200, response time: 431, url: https://cybertek-reservation-api-qa2.herokuapp.com/sign?email=%3Cemail%3E&amp;password=%3Cpassword%3E, response: requested email resource was not found.&#13;
	at ✽.Then status 200 (DataDrivenTests.feature:29)&#13;

And print response.accessToken ............................................ skipped
And def token = response.accessToken ...................................... skipped
Given url 'https://cybertek-reservation-api-qa2.herokuapp.com/' ........... passed
And path 'sign' ........................................................... passed
And header Accept = 'application/json' .................................... passed
And param email = '&lt;email&gt;' ............................................... passed
And param password = '&lt;password&gt;' ......................................... passed
When method GET ........................................................... passed
Then status 200 ........................................................... failed

Stack Trace:
com.intuit.karate.exception.KarateException: DataDrivenTests.feature:29 - status code was: 422, expected: 200, response time: 424, url: https://cybertek-reservation-api-qa2.herokuapp.com/sign?email=%3Cemail%3E&amp;password=%3Cpassword%3E, response: requested email resource was not found.&#13;
	at ✽.Then status 200 (DataDrivenTests.feature:29)&#13;

And print response.accessToken ............................................ skipped
And def token = response.accessToken ...................................... skipped
* def DBUtils = Java.type('utilities.DBUtils') ............................ passed
* def query = "select id,firstname,lastname,role from users where email = 'sbirdbj@fc2.com'" . passed
* def dbResult = DBUtils.getRowMap(query) ................................. passed
* print 'DATABASE RESULT',dbResult ........................................ passed
Given url 'https://cybertek-reservation-api-qa2.herokuapp.com/' ........... passed
And path 'sign' ........................................................... passed
And header Accept = 'application/json' .................................... passed
And param email = 'sbirdbj@fc2.com' ....................................... passed
And param password = 'asenorval' .......................................... passed
When method GET ........................................................... passed
Then status 200 ........................................................... passed
And print response.accessToken ............................................ passed
And def token = response.accessToken ...................................... passed
Given url 'https://cybertek-reservation-api-qa2.herokuapp.com/' ........... passed
And path 'api/users/me' ................................................... passed
And header Authorization = 'Bearer ' + token .............................. passed
And header Accept = 'application/json' .................................... passed
When method GET ........................................................... passed
Then status 200 ........................................................... passed
And print response ........................................................ passed
And match response.id == dbResult.id ...................................... passed
And match response.firstName == dbResult.firstname ........................ passed
And match response.lastName == dbResult.lastname .......................... passed
And match response.role == dbResult.role .................................. passed</system-out>
  </testcase>
</testsuite>
